DEBUG: GET https://galaxy.ansible.com/api/v2/collections/amazon/aws/ = (code=ERR_NON_2XX_3XX_RESPONSE, statusCode=404 retryCount=0, duration=43)
DEBUG: Package cache decorator: callback error, returning old data
{
  "err": {
    "name": "HTTPError",
    "code": "ERR_NON_2XX_3XX_RESPONSE",
    "timings": {
      "start": 1696262362280,
      "socket": 1696262362281,
      "lookup": 1696262362282,
      "connect": 1696262362284,
      "secureConnect": 1696262362291,
      "upload": 1696262362291,
      "response": 1696262362322,
      "end": 1696262362323,
      "phases": {
        "wait": 1,
        "dns": 1,
        "tcp": 2,
        "tls": 7,
        "request": 0,
        "firstByte": 31,
        "download": 1,
        "total": 43
      }
    },
    "message": "Response code 404 (Not Found)",
    "stack": "HTTPError: Response code 404 (Not Found)\n    at Request.<anonymous> (/opt/containerbase/tools/renovate/37.0.3/node_modules/got/dist/source/as-promise/index.js:118:42)\n    at processTicksAndRejections (node:internal/process/task_queues:95:5)",
    "options": {
      "headers": {
        "user-agent": "RenovateBot/37.0.3 (https://github.com/renovatebot/renovate)",
        "accept": "application/json",
        "accept-encoding": "gzip, deflate, br"
      },
      "url": "https://galaxy.ansible.com/api/v2/collections/amazon/aws/",
      "hostType": "galaxy-collection",
      "username": "",
      "password": "",
      "method": "GET",
      "http2": false
    },
    "response": {
      "statusCode": 404,
      "statusMessage": "Not Found",
      "body": "\n<!doctype html>\n<html lang=\"en\">\n<head>\n  <title>Not Found</title>\n</head>\n<body>\n  <h1>Not Found</h1><p>The requested resource was not found on this server.</p>\n</body>\n</html>\n",
      "headers": {
        "date": "Mon, 02 Oct 2023 15:59:22 GMT",
        "content-type": "text/html; charset=utf-8",
        "transfer-encoding": "chunked",
        "connection": "close",
        "correlation-id": "f62ef1ac0216455f900c2121e8ba5d4c",
        "access-control-expose-headers": "Correlation-ID",
        "vary": "Accept-Language",
        "content-language": "en-us",
        "x-frame-options": "DENY",
        "x-content-type-options": "nosniff",
        "referrer-policy": "same-origin",
        "cross-origin-opener-policy": "same-origin",
        "set-cookie": [
          "5ceea3ad3c3a60af203c126b07e8ab00=1bdb653a013afd37e5e2f8f4392bca6c; path=/; HttpOnly; Secure; SameSite=None"
        ],
        "cache-control": "private",
        "cf-cache-status": "DYNAMIC",
        "report-to": "{\"endpoints\":[{\"url\":\"https:\\/\\/a.nel.cloudflare.com\\/report\\/v3?s=fdfNiDojkt%2BHKFycYz1OUyGCcrwlAeD0MMlr49HjuLsOBF8I7kG3vFAuAn7Yrk5pkn1VgsRyCBsM30mC97Vr0383G5auUIKD3G3soPYIrDkX%2BGmjvZFutd1T1nMMcOLnQP43OA%3D%3D\"}],\"group\":\"cf-nel\",\"max_age\":604800}",
        "nel": "{\"success_fraction\":0,\"report_to\":\"cf-nel\",\"max_age\":604800}",
        "server": "cloudflare",
        "cf-ray": "80fe26f45e9c9c61-IAD",
        "content-encoding": "br"
      },
      "httpVersion": "1.1",
      "retryCount": 0
    }
  }
}

DEBUG: Found no satisfying versions with 'pep440' versioning
